<?xml version="1.0" encoding="UTF-8"?>
<!-- Generated by org.testng.reporters.JUnitXMLReporter -->
<testsuite hostname="LAPTOP-LO8M8OVB" name="Default test" tests="3" failures="0" timestamp="21 Jul 2020 00:52:01 GMT" time="14.794" errors="0">
  <testcase name="TC01VegetablesAddToCart" time="7.668" classname="GreenKartEcommerce.AddToCartVegetables"/>
  <testcase name="TC02AddtoCart" time="0.12" classname="GreenKartEcommerce.AddToCartVegetables"/>
  <testcase name="TC03ProceedtoChecout" time="0.702" classname="GreenKartEcommerce.AddToCartVegetables"/>
</testsuite> <!-- Default test -->
