<?xml version="1.0" encoding="UTF-8"?>
<!-- Generated by org.testng.reporters.JUnitXMLReporter -->
<testsuite hostname="LAPTOP-LO8M8OVB" name="Test" tests="3" failures="0" timestamp="21 Jul 2020 01:07:22 GMT" time="31.35" errors="0">
  <testcase name="TC01VegetablesAddToCart" time="24.086" classname="GreenKartEcommerce.AddToCartVegetables"/>
  <testcase name="TC02AddtoCart" time="0.086" classname="GreenKartEcommerce.AddToCartVegetables"/>
  <testcase name="TC04ValidateProductListsameasAddedByUser" time="0.935" classname="GreenKartEcommerce.Checkout"/>
</testsuite> <!-- Test -->
